WARNING:__main__:Someone wants to login
INFO:werkzeug:127.0.0.1 - - [07/May/2024 15:11:43] "GET /login HTTP/1.1" 200 -
INFO:werkzeug:127.0.0.1 - - [07/May/2024 15:11:43] "[36mGET /static/styles/styles.css HTTP/1.1[0m" 304 -
INFO:werkzeug:127.0.0.1 - - [07/May/2024 15:11:43] "GET /static/styles/background.jpg HTTP/1.1" 200 -
WARNING:__main__:Someone wants to login
INFO:werkzeug:127.0.0.1 - - [07/May/2024 15:11:45] "GET /login HTTP/1.1" 200 -
INFO:werkzeug:127.0.0.1 - - [07/May/2024 15:11:45] "[36mGET /static/styles/styles.css HTTP/1.1[0m" 304 -
INFO:werkzeug:127.0.0.1 - - [07/May/2024 15:11:45] "[36mGET /static/styles/background.jpg HTTP/1.1[0m" 304 -
CRITICAL:__main__:Someone wants to signup
INFO:werkzeug:127.0.0.1 - - [07/May/2024 15:11:46] "GET /signup HTTP/1.1" 200 -
INFO:werkzeug:127.0.0.1 - - [07/May/2024 15:11:46] "[36mGET /static/styles/styles.css HTTP/1.1[0m" 304 -
INFO:werkzeug:127.0.0.1 - - [07/May/2024 15:11:46] "[36mGET /static/styles/background.jpg HTTP/1.1[0m" 304 -
CRITICAL:__main__:Someone wants to signup
INFO:werkzeug:127.0.0.1 - - [07/May/2024 15:11:47] "GET /signup HTTP/1.1" 200 -
INFO:werkzeug:127.0.0.1 - - [07/May/2024 15:11:47] "[36mGET /static/styles/styles.css HTTP/1.1[0m" 304 -
INFO:werkzeug:127.0.0.1 - - [07/May/2024 15:11:48] "[36mGET /static/styles/background.jpg HTTP/1.1[0m" 304 -
CRITICAL:__main__:Someone wants to signup
INFO:werkzeug:127.0.0.1 - - [07/May/2024 15:11:48] "GET /signup HTTP/1.1" 200 -
INFO:werkzeug:127.0.0.1 - - [07/May/2024 15:11:48] "[36mGET /static/styles/styles.css HTTP/1.1[0m" 304 -
INFO:werkzeug:127.0.0.1 - - [07/May/2024 15:11:48] "[36mGET /static/styles/background.jpg HTTP/1.1[0m" 304 -
2024-06-18 10:34:24,701 - weather - WARNING - Someone has logged in
2024-06-18 10:34:24,736 - weather - WARNING - Someone wants to login
2024-06-18 10:34:32,547 - weather - WARNING - Failed Login
2024-06-18 10:35:49,249 - weather - CRITICAL - Someone wants to signup
2024-06-18 10:35:55,209 - weather - WARNING - Someone wants to login
2024-06-18 10:35:59,728 - weather - WARNING - Someone has logged in
2024-06-18 10:36:04,490 - weather - WARNING - Someone wants to login
2024-06-18 10:36:22,329 - weather - WARNING - Someone has logged in
2024-06-18 10:36:24,758 - weather - WARNING - Someone wants to login
2024-06-18 10:37:20,911 - weather - WARNING - Someone has logged in
2024-06-18 10:37:26,775 - weather - WARNING - Someone wants to login
2024-06-18 10:38:36,539 - weather - WARNING - Someone has logged in
2024-06-18 10:39:56,240 - weather - WARNING - Someone wants to login
2024-06-18 10:40:01,509 - weather - WARNING - Someone has logged in
2024-06-18 10:43:28,447 - weather - WARNING - Someone wants to login
2024-06-18 10:43:33,288 - weather - WARNING - Someone has logged in
2024-06-18 10:47:57,801 - weather - WARNING - Someone wants to login
2024-06-18 10:48:02,639 - weather - WARNING - Failed Login
2024-06-18 10:48:06,801 - weather - WARNING - Someone has logged in
2024-06-18 10:48:50,952 - weather - WARNING - Someone wants to login
2024-06-18 10:48:56,437 - weather - WARNING - Someone has logged in
2024-06-18 10:49:00,674 - weather - ERROR - Exception on /home [POST]
Traceback (most recent call last):
  File "/home/ziv/.local/lib/python3.11/site-packages/flask/app.py", line 1463, in wsgi_app
    response = self.full_dispatch_request()
               ^^^^^^^^^^^^^^^^^^^^^^^^^^^^
  File "/home/ziv/.local/lib/python3.11/site-packages/flask/app.py", line 872, in full_dispatch_request
    rv = self.handle_user_exception(e)
         ^^^^^^^^^^^^^^^^^^^^^^^^^^^^^
  File "/home/ziv/.local/lib/python3.11/site-packages/flask_cors/extension.py", line 176, in wrapped_function
    return cors_after_request(app.make_response(f(*args, **kwargs)))
                                                ^^^^^^^^^^^^^^^^^^
  File "/home/ziv/.local/lib/python3.11/site-packages/flask/app.py", line 870, in full_dispatch_request
    rv = self.dispatch_request()
         ^^^^^^^^^^^^^^^^^^^^^^^
  File "/home/ziv/.local/lib/python3.11/site-packages/flask/app.py", line 855, in dispatch_request
    return self.ensure_sync(self.view_functions[rule.endpoint])(**view_args)  # type: ignore[no-any-return]
           ^^^^^^^^^^^^^^^^^^^^^^^^^^^^^^^^^^^^^^^^^^^^^^^^^^^^^^^^^^^^^^^^^
  File "/home/ziv/git/weather_app/weather.py", line 128, in home
    save_query(location, data)
  File "/home/ziv/git/weather_app/modules/api_calls.py", line 28, in save_query
    data = json.load(file)
           ^^^^^^^^^^^^^^^
  File "/usr/lib/python3.11/json/__init__.py", line 293, in load
    return loads(fp.read(),
           ^^^^^^^^^^^^^^^^
  File "/usr/lib/python3.11/json/__init__.py", line 346, in loads
    return _default_decoder.decode(s)
           ^^^^^^^^^^^^^^^^^^^^^^^^^^
  File "/usr/lib/python3.11/json/decoder.py", line 337, in decode
    obj, end = self.raw_decode(s, idx=_w(s, 0).end())
               ^^^^^^^^^^^^^^^^^^^^^^^^^^^^^^^^^^^^^^
  File "/usr/lib/python3.11/json/decoder.py", line 355, in raw_decode
    raise JSONDecodeError("Expecting value", s, err.value) from None
json.decoder.JSONDecodeError: Expecting value: line 1 column 1 (char 0)
2024-06-18 10:54:57,806 - weather - WARNING - Someone has logged in
2024-06-18 10:54:57,816 - weather - WARNING - Someone has logged in
2024-06-18 10:55:07,020 - weather - ERROR - Exception on /home [POST]
Traceback (most recent call last):
  File "/home/ziv/.local/lib/python3.11/site-packages/flask/app.py", line 1463, in wsgi_app
    response = self.full_dispatch_request()
               ^^^^^^^^^^^^^^^^^^^^^^^^^^^^
  File "/home/ziv/.local/lib/python3.11/site-packages/flask/app.py", line 872, in full_dispatch_request
    rv = self.handle_user_exception(e)
         ^^^^^^^^^^^^^^^^^^^^^^^^^^^^^
  File "/home/ziv/.local/lib/python3.11/site-packages/flask_cors/extension.py", line 176, in wrapped_function
    return cors_after_request(app.make_response(f(*args, **kwargs)))
                                                ^^^^^^^^^^^^^^^^^^
  File "/home/ziv/.local/lib/python3.11/site-packages/flask/app.py", line 870, in full_dispatch_request
    rv = self.dispatch_request()
         ^^^^^^^^^^^^^^^^^^^^^^^
  File "/home/ziv/.local/lib/python3.11/site-packages/flask/app.py", line 855, in dispatch_request
    return self.ensure_sync(self.view_functions[rule.endpoint])(**view_args)  # type: ignore[no-any-return]
           ^^^^^^^^^^^^^^^^^^^^^^^^^^^^^^^^^^^^^^^^^^^^^^^^^^^^^^^^^^^^^^^^^
  File "/home/ziv/git/weather_app/weather.py", line 128, in home
    save_query(location, data)
  File "/home/ziv/git/weather_app/modules/api_calls.py", line 41, in save_query
    json.dump(data, file, indent=4)
  File "/usr/lib/python3.11/json/__init__.py", line 179, in dump
    for chunk in iterable:
  File "/usr/lib/python3.11/json/encoder.py", line 432, in _iterencode
    yield from _iterencode_dict(o, _current_indent_level)
  File "/usr/lib/python3.11/json/encoder.py", line 406, in _iterencode_dict
    yield from chunks
  File "/usr/lib/python3.11/json/encoder.py", line 326, in _iterencode_list
    yield from chunks
  File "/usr/lib/python3.11/json/encoder.py", line 406, in _iterencode_dict
    yield from chunks
  File "/usr/lib/python3.11/json/encoder.py", line 439, in _iterencode
    o = _default(o)
        ^^^^^^^^^^^
  File "/usr/lib/python3.11/json/encoder.py", line 180, in default
    raise TypeError(f'Object of type {o.__class__.__name__} '
TypeError: Object of type date is not JSON serializable
2024-06-18 10:55:46,174 - weather - WARNING - Someone has logged in
2024-06-18 10:55:46,188 - weather - WARNING - Someone has logged in
2024-06-18 11:08:37,530 - weather - WARNING - Someone has logged in
2024-06-18 11:08:37,541 - weather - WARNING - Someone has logged in
2024-06-18 11:16:38,822 - weather - WARNING - Someone has logged in
2024-06-18 11:16:38,833 - weather - WARNING - Someone has logged in
2024-06-18 11:17:09,043 - weather - WARNING - Someone has logged in
2024-06-18 11:17:09,053 - weather - WARNING - Someone has logged in
2024-06-18 11:17:23,155 - weather - WARNING - Someone has logged in
2024-06-18 11:17:23,162 - weather - WARNING - Someone has logged in
2024-06-18 11:20:30,454 - weather - WARNING - Someone has logged in
2024-06-18 11:20:30,466 - weather - WARNING - Someone has logged in
2024-06-18 11:23:16,463 - weather - WARNING - Someone has logged in
2024-06-18 11:28:55,302 - weather - WARNING - Someone has logged in
2024-06-18 11:29:01,142 - weather - WARNING - Someone wants to login
2024-06-18 11:29:37,715 - weather - WARNING - Someone wants to login
2024-06-18 11:29:39,842 - weather - WARNING - Someone wants to login
2024-06-18 11:29:43,419 - weather - CRITICAL - Someone wants to signup
2024-06-18 11:29:45,567 - weather - CRITICAL - Someone wants to signup
2024-06-18 11:30:02,849 - weather - CRITICAL - Someone wants to signup
2024-06-18 11:31:26,199 - weather - CRITICAL - Someone wants to signup
2024-06-18 11:31:27,287 - weather - CRITICAL - Someone wants to signup
2024-06-18 11:33:16,852 - weather - CRITICAL - Someone wants to signup
2024-06-18 11:33:19,221 - weather - CRITICAL - Someone wants to signup
2024-06-18 11:36:39,168 - weather - CRITICAL - Someone wants to signup
2024-06-18 11:36:40,633 - weather - CRITICAL - Someone wants to signup
2024-06-18 11:42:03,277 - weather - CRITICAL - Someone wants to signup
2024-06-18 11:42:28,464 - weather - CRITICAL - Someone wants to signup
2024-06-18 11:42:29,663 - weather - CRITICAL - Someone wants to signup
2024-06-18 11:42:31,805 - weather - WARNING - Someone wants to login
2024-06-18 11:42:33,512 - weather - WARNING - Someone wants to login
2024-06-18 11:42:50,538 - weather - WARNING - Someone wants to login
2024-06-18 11:42:57,422 - weather - WARNING - Failed Login
2024-06-18 11:43:02,598 - weather - WARNING - Someone has logged in
